-------------------------------------------------------------------------------
Test set: com.example.helloworld.HelloControllerTest
-------------------------------------------------------------------------------
Tests run: 1, Failures: 1, Errors: 0, Skipped: 0, Time elapsed: 1.760 s <<< FAILURE! -- in com.example.helloworld.HelloControllerTest
com.example.helloworld.HelloControllerTest.helloReturnsHelloWorld -- Time elapsed: 1.709 s <<< FAILURE!
java.lang.AssertionError: Response content expected:<Hello World> but was:<Hello World >
	at org.springframework.test.util.AssertionErrors.fail(AssertionErrors.java:62)
	at org.springframework.test.util.AssertionErrors.assertEquals(AssertionErrors.java:129)
	at org.springframework.test.web.servlet.result.ContentResultMatchers.lambda$string$1(ContentResultMatchers.java:148)
	at org.springframework.test.web.servlet.MockMvc$1.andExpect(MockMvc.java:212)
	at com.example.helloworld.HelloControllerTest.helloReturnsHelloWorld(HelloControllerTest.java:19)

